
{"level":"info","message":"Listening on port 5000...","timestamp":"2020-02-20T06:56:29.744Z"}
{"level":"info","message":"Listening on port 5000...","timestamp":"2020-02-23T10:40:50.768Z"}
{"level":"info","message":"Listening on port 5000...","timestamp":"2020-02-24T06:43:01.246Z"}
{"level":"info","message":"Listening on port 5000...","timestamp":"2020-02-25T11:38:37.790Z"}
{"level":"info","message":"Listening on port 5000...","timestamp":"2020-02-19T19:13:22.804Z"}
{"level":"info","message":"Listening on port 5000...","timestamp":"2020-02-19T20:53:06.979Z"}
{"level":"info","message":"Listening on port 5000...","timestamp":"2020-02-19T20:55:15.742Z"}
{"level":"info","message":"Listening on port 5000...","timestamp":"2020-02-23T16:37:08.769Z"}
{"level":"info","message":"Listening on port 5000...","timestamp":"2020-02-23T19:51:11.888Z"}
{"level":"info","message":"Listening on port 5000...","timestamp":"2020-02-24T17:32:13.389Z"}
{"level":"info","message":"Listening on port 5000...","timestamp":"2020-02-29T09:30:32.561Z"}
{"level":"info","message":"Listening on port 5000...","timestamp":"2020-02-29T18:41:29.703Z"}
{"level":"info","message":"Listening on port 5000...","timestamp":"2020-02-29T18:44:09.102Z"}
{"message":"cryptoRandomString is not defined","stack":"ReferenceError: cryptoRandomString is not defined\n    at router.post (C:\\coding\\Plandy\\Plandy-server\\routes\\users.js:72:16)\n    at process._tickCallback (internal/process/next_tick.js:68:7)","level":"error","timestamp":"2020-02-29T18:51:14.023Z"}
{"level":"info","message":"Listening on port 5000...","timestamp":"2020-02-29T18:51:45.999Z"}
{"level":"info","message":"Listening on port 5000...","timestamp":"2020-02-29T18:53:12.598Z"}
{"level":"info","message":"Listening on port 5000...","timestamp":"2020-02-29T18:54:00.194Z"}
{"level":"info","message":"Listening on port 5000...","timestamp":"2020-02-29T18:54:41.019Z"}
{"level":"info","message":"Listening on port 5000...","timestamp":"2020-02-29T18:59:27.249Z"}
{"level":"info","message":"Listening on port 5000...","timestamp":"2020-02-29T18:59:56.187Z"}
{"level":"info","message":"Listening on port 5000...","timestamp":"2020-02-29T19:00:10.982Z"}
{"level":"info","message":"Listening on port 5000...","timestamp":"2020-02-29T19:00:42.686Z"}
{"level":"info","message":"Listening on port 5000...","timestamp":"2020-02-29T19:02:30.729Z"}
{"message":"Joi is not defined","stack":"ReferenceError: Joi is not defined\n    at validateEmail (C:\\coding\\Plandy\\Plandy-server\\models\\emailTokens.js:14:10)\n    at router.post (C:\\coding\\Plandy\\Plandy-server\\routes\\users.js:76:20)\n    at process._tickCallback (internal/process/next_tick.js:68:7)","level":"error","timestamp":"2020-02-29T19:02:38.649Z"}
{"level":"info","message":"Listening on port 5000...","timestamp":"2020-02-29T19:03:04.521Z"}
{"level":"info","message":"Listening on port 5000...","timestamp":"2020-02-29T20:57:04.552Z"}
{"level":"info","message":"Listening on port 5000...","timestamp":"2020-02-29T21:01:39.523Z"}
{"level":"info","message":"Listening on port 5000...","timestamp":"2020-02-29T21:03:19.389Z"}
{"level":"info","message":"Listening on port 5000...","timestamp":"2020-02-29T21:03:59.617Z"}
{"level":"info","message":"Listening on port 5000...","timestamp":"2020-02-29T21:04:34.978Z"}
{"level":"info","message":"Message sent: <fcbc128a-b5e1-2aa6-8a36-291320bbe7d6@gmail.com>","timestamp":"2020-02-29T21:04:41.935Z"}
{"level":"info","message":"Listening on port 5000...","timestamp":"2020-02-29T21:06:38.008Z"}
{"level":"info","message":"Listening on port 5000...","timestamp":"2020-02-29T21:07:56.247Z"}
{"level":"info","message":"Message sent: <7c801207-be64-fe0c-4bb8-1afc72fd1865@gmail.com>","timestamp":"2020-02-29T21:08:05.761Z"}
{"level":"info","message":"Listening on port 5000...","timestamp":"2020-02-29T21:09:18.253Z"}
{"level":"info","message":"Listening on port 5000...","timestamp":"2020-02-29T21:09:33.815Z"}
{"level":"info","message":"Listening on port 5000...","timestamp":"2020-02-29T21:09:58.135Z"}
{"level":"info","message":"Listening on port 5000...","timestamp":"2020-02-29T21:16:56.862Z"}
{"level":"info","message":"Message sent: <aafd5a15-a0c0-6694-4adb-20bf3b757ac1@gmail.com>","timestamp":"2020-02-29T21:17:10.009Z"}
{"level":"info","message":"Listening on port 5000...","timestamp":"2020-02-29T21:20:31.657Z"}
{"level":"info","message":"Message sent: <ffa966d7-4b27-c5ea-b219-3c259b77d7de@gmail.com>","timestamp":"2020-02-29T21:20:38.983Z"}
{"level":"info","message":"Listening on port 5000...","timestamp":"2020-02-29T21:29:24.688Z"}
{"level":"info","message":"Message sent: <d59cf6d6-4353-c6eb-9d3a-3e5180c6b832@gmail.com>","timestamp":"2020-02-29T21:29:33.875Z"}
{"level":"info","message":"Listening on port 5000...","timestamp":"2020-02-29T21:32:46.468Z"}
{"level":"info","message":"Message sent: <df20363e-89af-d9e0-44a0-56af887dca6a@gmail.com>","timestamp":"2020-02-29T21:32:52.100Z"}
{"level":"info","message":"Listening on port 5000...","timestamp":"2020-03-01T19:34:22.120Z"}
{"level":"info","message":"Listening on port 5000...","timestamp":"2020-03-01T19:34:40.004Z"}
{"level":"info","message":"Listening on port 5000...","timestamp":"2020-03-01T19:35:02.952Z"}
{"message":"Parameter \"obj\" to Document() must be an object, got OQt8e3NkF-","stack":"ObjectParameterError: Parameter \"obj\" to Document() must be an object, got OQt8e3NkF-\n    at new ObjectParameterError (C:\\coding\\Plandy\\plandy-server\\node_modules\\mongoose\\lib\\error\\objectParameter.js:25:11)\n    at model.Document (C:\\coding\\Plandy\\plandy-server\\node_modules\\mongoose\\lib\\document.js:86:11)\n    at model.Model (C:\\coding\\Plandy\\plandy-server\\node_modules\\mongoose\\lib\\model.js:97:12)\n    at new model (C:\\coding\\Plandy\\plandy-server\\node_modules\\mongoose\\lib\\model.js:4425:15)\n    at router.post (C:\\coding\\Plandy\\plandy-server\\routes\\users.js:90:22)\n    at process._tickCallback (internal/process/next_tick.js:68:7)","name":"ObjectParameterError","level":"error","timestamp":"2020-03-01T19:36:31.789Z"}
{"message":"Missing credentials for \"PLAIN\"","stack":"Error: Missing credentials for \"PLAIN\"\n    at SMTPConnection._formatError (C:\\coding\\Plandy\\plandy-server\\node_modules\\nodemailer\\lib\\smtp-connection\\index.js:784:19)\n    at SMTPConnection.login (C:\\coding\\Plandy\\plandy-server\\node_modules\\nodemailer\\lib\\smtp-connection\\index.js:448:38)\n    at connection.connect (C:\\coding\\Plandy\\plandy-server\\node_modules\\nodemailer\\lib\\smtp-transport\\index.js:271:32)\n    at SMTPConnection.once (C:\\coding\\Plandy\\plandy-server\\node_modules\\nodemailer\\lib\\smtp-connection\\index.js:215:17)\n    at Object.onceWrapper (events.js:286:20)\n    at SMTPConnection.emit (events.js:198:13)\n    at SMTPConnection._actionEHLO (C:\\coding\\Plandy\\plandy-server\\node_modules\\nodemailer\\lib\\smtp-connection\\index.js:1313:14)\n    at SMTPConnection._processResponse (C:\\coding\\Plandy\\plandy-server\\node_modules\\nodemailer\\lib\\smtp-connection\\index.js:942:20)\n    at SMTPConnection._onData (C:\\coding\\Plandy\\plandy-server\\node_modules\\nodemailer\\lib\\smtp-connection\\index.js:749:14)\n    at TLSSocket.SMTPConnection._onSocketData.chunk (C:\\coding\\Plandy\\plandy-server\\node_modules\\nodemailer\\lib\\smtp-connection\\index.js:195:44)\n    at TLSSocket.emit (events.js:198:13)\n    at addChunk (_stream_readable.js:288:12)\n    at readableAddChunk (_stream_readable.js:269:11)\n    at TLSSocket.Readable.push (_stream_readable.js:224:10)\n    at TLSWrap.onStreamRead [as onread] (internal/stream_base_commons.js:94:17)","code":"EAUTH","command":"API","level":"error","timestamp":"2020-03-01T19:36:32.350Z"}
{"level":"info","message":"Listening on port 5000...","timestamp":"2020-03-01T19:37:14.741Z"}
{"message":"invitetoken is not defined","stack":"ReferenceError: invitetoken is not defined\n    at router.post (C:\\coding\\Plandy\\plandy-server\\routes\\users.js:91:2)\n    at process._tickCallback (internal/process/next_tick.js:68:7)","level":"error","timestamp":"2020-03-01T19:37:22.570Z"}
{"message":"Missing credentials for \"PLAIN\"","stack":"Error: Missing credentials for \"PLAIN\"\n    at SMTPConnection._formatError (C:\\coding\\Plandy\\plandy-server\\node_modules\\nodemailer\\lib\\smtp-connection\\index.js:784:19)\n    at SMTPConnection.login (C:\\coding\\Plandy\\plandy-server\\node_modules\\nodemailer\\lib\\smtp-connection\\index.js:448:38)\n    at connection.connect (C:\\coding\\Plandy\\plandy-server\\node_modules\\nodemailer\\lib\\smtp-transport\\index.js:271:32)\n    at SMTPConnection.once (C:\\coding\\Plandy\\plandy-server\\node_modules\\nodemailer\\lib\\smtp-connection\\index.js:215:17)\n    at Object.onceWrapper (events.js:286:20)\n    at SMTPConnection.emit (events.js:198:13)\n    at SMTPConnection._actionEHLO (C:\\coding\\Plandy\\plandy-server\\node_modules\\nodemailer\\lib\\smtp-connection\\index.js:1313:14)\n    at SMTPConnection._processResponse (C:\\coding\\Plandy\\plandy-server\\node_modules\\nodemailer\\lib\\smtp-connection\\index.js:942:20)\n    at SMTPConnection._onData (C:\\coding\\Plandy\\plandy-server\\node_modules\\nodemailer\\lib\\smtp-connection\\index.js:749:14)\n    at TLSSocket.SMTPConnection._onSocketData.chunk (C:\\coding\\Plandy\\plandy-server\\node_modules\\nodemailer\\lib\\smtp-connection\\index.js:195:44)\n    at TLSSocket.emit (events.js:198:13)\n    at addChunk (_stream_readable.js:288:12)\n    at readableAddChunk (_stream_readable.js:269:11)\n    at TLSSocket.Readable.push (_stream_readable.js:224:10)\n    at TLSWrap.onStreamRead [as onread] (internal/stream_base_commons.js:94:17)","code":"EAUTH","command":"API","level":"error","timestamp":"2020-03-01T19:37:22.920Z"}
{"level":"info","message":"Listening on port 5000...","timestamp":"2020-03-01T19:37:47.472Z"}
{"message":"Missing credentials for \"PLAIN\"","stack":"Error: Missing credentials for \"PLAIN\"\n    at SMTPConnection._formatError (C:\\coding\\Plandy\\plandy-server\\node_modules\\nodemailer\\lib\\smtp-connection\\index.js:784:19)\n    at SMTPConnection.login (C:\\coding\\Plandy\\plandy-server\\node_modules\\nodemailer\\lib\\smtp-connection\\index.js:448:38)\n    at connection.connect (C:\\coding\\Plandy\\plandy-server\\node_modules\\nodemailer\\lib\\smtp-transport\\index.js:271:32)\n    at SMTPConnection.once (C:\\coding\\Plandy\\plandy-server\\node_modules\\nodemailer\\lib\\smtp-connection\\index.js:215:17)\n    at Object.onceWrapper (events.js:286:20)\n    at SMTPConnection.emit (events.js:198:13)\n    at SMTPConnection._actionEHLO (C:\\coding\\Plandy\\plandy-server\\node_modules\\nodemailer\\lib\\smtp-connection\\index.js:1313:14)\n    at SMTPConnection._processResponse (C:\\coding\\Plandy\\plandy-server\\node_modules\\nodemailer\\lib\\smtp-connection\\index.js:942:20)\n    at SMTPConnection._onData (C:\\coding\\Plandy\\plandy-server\\node_modules\\nodemailer\\lib\\smtp-connection\\index.js:749:14)\n    at TLSSocket.SMTPConnection._onSocketData.chunk (C:\\coding\\Plandy\\plandy-server\\node_modules\\nodemailer\\lib\\smtp-connection\\index.js:195:44)\n    at TLSSocket.emit (events.js:198:13)\n    at addChunk (_stream_readable.js:288:12)\n    at readableAddChunk (_stream_readable.js:269:11)\n    at TLSSocket.Readable.push (_stream_readable.js:224:10)\n    at TLSWrap.onStreamRead [as onread] (internal/stream_base_commons.js:94:17)","code":"EAUTH","command":"API","level":"error","timestamp":"2020-03-01T19:37:52.705Z"}
{"level":"info","message":"Listening on port 5000...","timestamp":"2020-03-01T19:42:57.212Z"}
{"level":"info","message":"Message sent: <0e5824af-d4aa-0405-666b-ec3503e3531b@gmail.com>","timestamp":"2020-03-01T19:43:12.692Z"}
{"level":"info","message":"Listening on port 5000...","timestamp":"2020-03-01T19:46:06.091Z"}
{"level":"info","message":"Listening on port 5000...","timestamp":"2020-03-01T19:46:51.166Z"}
{"level":"info","message":"Listening on port 5000...","timestamp":"2020-03-01T19:49:22.898Z"}
{"level":"info","message":"Listening on port 5000...","timestamp":"2020-03-01T19:50:25.165Z"}
{"level":"info","message":"Listening on port 5000...","timestamp":"2020-03-01T19:50:44.792Z"}
{"level":"info","message":"Listening on port 5000...","timestamp":"2020-03-01T19:52:51.443Z"}
{"level":"info","message":"Listening on port 5000...","timestamp":"2020-03-01T19:53:34.453Z"}
{"level":"info","message":"Listening on port 5000...","timestamp":"2020-03-01T19:53:46.705Z"}
